Drill Listing
=============
Drill: .015  Tool: 1  Feed: 95  Speed: 300
X 164500  Y 161000
X 224000  Y 160500
X 281500  Y 160500
X 334000  Y 164500
X 339500  Y 161000
X 400000  Y 161000
X 460500  Y 161000
X 507000  Y 116500
X 527000  Y 134000
X 536000  Y 149500
X 544000  Y 159500
X 592000  Y 154000
X 601000  Y 153500
X 589000  Y 190000
X 586000  Y 192500
X 576000  Y 197500
X 557500  Y 191500
X 537500  Y 195500
X 535000  Y 191000
X 521500  Y 206500
X 500500  Y 213500
X 496500  Y 199500
X 491000  Y 209000
X 474500  Y 214300
X 469000  Y 165500
X 453500  Y 165500
X 449900  Y 214300
X 414400  Y 214300
X 409000  Y 165500
X 393500  Y 165000
X 389600  Y 214300
X 354700  Y 214300
X 348500  Y 165500
X 330000  Y 214300
X 296400  Y 214400
X 290500  Y 165500
X 275500  Y 165500
X 271500  Y 214300
X 238500  Y 214300
X 233000  Y 166000
X 217500  Y 166000
X 213500  Y 214300
X 180500  Y 214300
X 174000  Y 166000
X 159000  Y 165500
X 155500  Y 214300
X 116500  Y 168000
X 116000  Y 194500
X 116000  Y 221000
X 116000  Y 247500
X 157500  Y 236500
X 165500  Y 243500
X 215500  Y 236500
X 223500  Y 243000
X 273500  Y 236500
X 280500  Y 243500
X 331500  Y 236500
X 343500  Y 243500
X 397500  Y 236000
X 406000  Y 243500
X 457500  Y 226000
X 462000  Y 237500
X 465000  Y 244000
X 496500  Y 219500
X 584500  Y 217000
X 591000  Y 296500
X 571500  Y 269500
X 561500  Y 313500
X 558000  Y 300500
X 529500  Y 319500
X 526500  Y 308500
X 514000  Y 306000
X 508000  Y 326000
X 504500  Y 330500
X 488000  Y 335000
X 485500  Y 293000
X 477500  Y 328000
X 427000  Y 335500
X 416500  Y 328000
X 385500  Y 317000
X 363500  Y 335000
X 352500  Y 328500
X 300000  Y 334500
X 296000  Y 328000
X 238000  Y 334500
X 233500  Y 328000
X 176000  Y 335000
X 171000  Y 330500
X 116000  Y 300500
X 116000  Y 274000
X 116000  Y 327000
X 116000  Y 353500
X 116000  Y 380000
X 154000  Y 359500
X 180500  Y 359500
X 215500  Y 359700
X 240600  Y 360100
X 275900  Y 359700
X 300500  Y 359700
X 335500  Y 359000
X 360500  Y 359700
X 395200  Y 359700
X 420500  Y 359700
X 445500  Y 359000
X 455800  Y 359700
X 480500  Y 359700
X 490500  Y 359000
X 516000  Y 360500
X 563000  Y 365000
X 587500  Y 340500
X 588500  Y 366000
X 505500  Y 397500
X 496000  Y 402000
X 482500  Y 412000
X 474500  Y 408500
X 461500  Y 408500
X 422500  Y 412000
X 414500  Y 408500
X 402000  Y 408500
X 361500  Y 412000
X 354500  Y 408500
X 341500  Y 408500
X 302500  Y 412000
X 294500  Y 408500
X 282000  Y 408500
X 242000  Y 412000
X 234500  Y 408500
X 221500  Y 408500
X 183000  Y 411000
X 174500  Y 408500
X 162000  Y 408500
X 116000  Y 408000
X 520000  Y 431500
X 535000  Y 435000
X 572500  Y 434000
X 575000  Y 422000
X 578000  Y 429000
X 583000  Y 441500
X 587000  Y 438500

Drill: .035  Tool: 2  Feed: 197  Speed: 550
X 524200  Y 288000
X 543900  Y 288000

Drill: .04  Tool: 3  Feed: 139  Speed: 550
X 150000  Y 138000
X 150000  Y 149800
X 180000  Y 138000
X 180000  Y 149800
X 210000  Y 138000
X 210000  Y 149800
X 240000  Y 138000
X 240000  Y 149800
X 270000  Y 138000
X 270000  Y 149800
X 300000  Y 138000
X 300000  Y 149800
X 330000  Y 149800
X 330000  Y 138000
X 360000  Y 149800
X 360000  Y 138000
X 390000  Y 149800
X 390000  Y 138000
X 420000  Y 138000
X 420000  Y 149800
X 450000  Y 138000
X 450000  Y 149800
X 480000  Y 138000
X 480000  Y 149800
X 582000  Y 244000
X 582000  Y 278400
X 570200  Y 244000
X 570200  Y 278400
X 570200  Y 290200
X 570200  Y 313800
X 570200  Y 302000
X 570200  Y 325600
X 582000  Y 302000
X 582000  Y 290200
X 582000  Y 313800
X 582000  Y 325600
X 484000  Y 434000
X 484000  Y 422200
X 454000  Y 434000
X 454000  Y 422200
X 424000  Y 434000
X 424000  Y 422200
X 394000  Y 434000
X 394000  Y 422200
X 364000  Y 434000
X 364000  Y 422200
X 334000  Y 422200
X 334000  Y 434000
X 304000  Y 434000
X 304000  Y 422200
X 274000  Y 434000
X 274000  Y 422200
X 244000  Y 434000
X 244000  Y 422200
X 214000  Y 434000
X 214000  Y 422200
X 184000  Y 434000
X 184000  Y 422200
X 154000  Y 434000
X 154000  Y 422200

Drill: .118  Tool: 4  Feed: 69  Speed: 658
X 150000  Y 121000
X 180000  Y 121000
X 210000  Y 121000
X 240000  Y 121000
X 270000  Y 121000
X 300000  Y 121000
X 330000  Y 121000
X 360000  Y 121000
X 390000  Y 121000
X 420000  Y 121000
X 450000  Y 121000
X 480000  Y 121000
X 599000  Y 244000
X 599000  Y 286800
X 599000  Y 317200
X 154000  Y 451000
X 184000  Y 451000
X 214000  Y 451000
X 244000  Y 451000
X 274000  Y 451000
X 304000  Y 451000
X 334000  Y 451000
X 364000  Y 451000
X 394000  Y 451000
X 424000  Y 451000
X 454000  Y 451000
X 484000  Y 451000

Drill: .15  Tool: 5  Feed: 35  Speed: 900
X 115000  Y 115000
X 605000  Y 115000
X 605000  Y 455000
X 115000  Y 455000

End of Listing
